{"/home/byron/Desktop/ULL/DSI/prct08-filesystem-videogames-app-alu0101551371/src/videogames-app.ts": {"path":"/home/byron/Desktop/ULL/DSI/prct08-filesystem-videogames-app-alu0101551371/src/videogames-app.ts","statementMap":{},"fnMap":{},"branchMap":{},"s":{},"f":{},"b":{},"meta":{"lastBranch":0,"lastFunction":0,"lastStatement":0,"seen":{}}}
,"/home/byron/Desktop/ULL/DSI/prct08-filesystem-videogames-app-alu0101551371/src/command/command.ts": {"path":"/home/byron/Desktop/ULL/DSI/prct08-filesystem-videogames-app-alu0101551371/src/command/command.ts","statementMap":{"0":{"start":{"line":12,"column":25},"end":{"line":54,"column":null}},"1":{"start":{"line":56,"column":0},"end":{"line":143,"column":null}},"2":{"start":{"line":74,"column":6},"end":{"line":85,"column":null}},"3":{"start":{"line":96,"column":6},"end":{"line":96,"column":null}},"4":{"start":{"line":108,"column":6},"end":{"line":119,"column":null}},"5":{"start":{"line":130,"column":6},"end":{"line":130,"column":null}},"6":{"start":{"line":140,"column":6},"end":{"line":140,"column":null}}},"fnMap":{"0":{"name":"(anonymous_0)","decl":{"start":{"line":73,"column":4},"end":{"line":73,"column":5}},"loc":{"start":{"line":73,"column":14},"end":{"line":86,"column":null}},"line":73},"1":{"name":"(anonymous_1)","decl":{"start":{"line":95,"column":4},"end":{"line":95,"column":5}},"loc":{"start":{"line":95,"column":14},"end":{"line":97,"column":null}},"line":95},"2":{"name":"(anonymous_2)","decl":{"start":{"line":107,"column":4},"end":{"line":107,"column":5}},"loc":{"start":{"line":107,"column":14},"end":{"line":120,"column":null}},"line":107},"3":{"name":"(anonymous_3)","decl":{"start":{"line":129,"column":4},"end":{"line":129,"column":5}},"loc":{"start":{"line":129,"column":14},"end":{"line":131,"column":null}},"line":129},"4":{"name":"(anonymous_4)","decl":{"start":{"line":139,"column":4},"end":{"line":139,"column":5}},"loc":{"start":{"line":139,"column":14},"end":{"line":141,"column":null}},"line":139}},"branchMap":{},"s":{"0":5,"1":5,"2":1,"3":1,"4":1,"5":1,"6":1},"f":{"0":1,"1":1,"2":1,"3":1,"4":1},"b":{},"meta":{"lastBranch":0,"lastFunction":5,"lastStatement":7,"seen":{"s:12:25:54:Infinity":0,"s:56:0:143:Infinity":1,"f:73:4:73:5":0,"s:74:6:85:Infinity":2,"f:95:4:95:5":1,"s:96:6:96:Infinity":3,"f:107:4:107:5":2,"s:108:6:119:Infinity":4,"f:129:4:129:5":3,"s:130:6:130:Infinity":5,"f:139:4:139:5":4,"s:140:6:140:Infinity":6}}}
,"/home/byron/Desktop/ULL/DSI/prct08-filesystem-videogames-app-alu0101551371/src/interface/videogame.ts": {"path":"/home/byron/Desktop/ULL/DSI/prct08-filesystem-videogames-app-alu0101551371/src/interface/videogame.ts","statementMap":{},"fnMap":{},"branchMap":{},"s":{},"f":{},"b":{},"meta":{"lastBranch":0,"lastFunction":0,"lastStatement":0,"seen":{}}}
,"/home/byron/Desktop/ULL/DSI/prct08-filesystem-videogames-app-alu0101551371/src/manager/videogameManager.ts": {"path":"/home/byron/Desktop/ULL/DSI/prct08-filesystem-videogames-app-alu0101551371/src/manager/videogameManager.ts","statementMap":{"0":{"start":{"line":5,"column":17},"end":{"line":5,"column":null}},"1":{"start":{"line":8,"column":2},"end":{"line":8,"column":null}},"2":{"start":{"line":12,"column":14},"end":{"line":12,"column":null}},"3":{"start":{"line":13,"column":2},"end":{"line":15,"column":null}},"4":{"start":{"line":14,"column":4},"end":{"line":14,"column":null}},"5":{"start":{"line":19,"column":2},"end":{"line":22,"column":null}},"6":{"start":{"line":19,"column":19},"end":{"line":19,"column":null}},"7":{"start":{"line":19,"column":51},"end":{"line":22,"column":null}},"8":{"start":{"line":20,"column":24},"end":{"line":20,"column":null}},"9":{"start":{"line":20,"column":57},"end":{"line":22,"column":null}},"10":{"start":{"line":21,"column":24},"end":{"line":21,"column":null}},"11":{"start":{"line":22,"column":7},"end":{"line":22,"column":null}},"12":{"start":{"line":26,"column":2},"end":{"line":26,"column":null}},"13":{"start":{"line":27,"column":2},"end":{"line":27,"column":null}},"14":{"start":{"line":28,"column":2},"end":{"line":28,"column":null}},"15":{"start":{"line":29,"column":2},"end":{"line":29,"column":null}},"16":{"start":{"line":30,"column":2},"end":{"line":30,"column":null}},"17":{"start":{"line":31,"column":2},"end":{"line":31,"column":null}},"18":{"start":{"line":32,"column":2},"end":{"line":32,"column":null}},"19":{"start":{"line":33,"column":2},"end":{"line":33,"column":null}},"20":{"start":{"line":34,"column":2},"end":{"line":34,"column":null}},"21":{"start":{"line":35,"column":2},"end":{"line":35,"column":null}},"22":{"start":{"line":39,"column":2},"end":{"line":39,"column":null}},"23":{"start":{"line":40,"column":15},"end":{"line":40,"column":null}},"24":{"start":{"line":42,"column":2},"end":{"line":45,"column":null}},"25":{"start":{"line":43,"column":4},"end":{"line":43,"column":null}},"26":{"start":{"line":44,"column":4},"end":{"line":44,"column":null}},"27":{"start":{"line":47,"column":2},"end":{"line":47,"column":null}},"28":{"start":{"line":48,"column":2},"end":{"line":48,"column":null}},"29":{"start":{"line":52,"column":15},"end":{"line":52,"column":null}},"30":{"start":{"line":54,"column":2},"end":{"line":57,"column":null}},"31":{"start":{"line":55,"column":4},"end":{"line":55,"column":null}},"32":{"start":{"line":56,"column":4},"end":{"line":56,"column":null}},"33":{"start":{"line":59,"column":2},"end":{"line":59,"column":null}},"34":{"start":{"line":60,"column":2},"end":{"line":60,"column":null}},"35":{"start":{"line":64,"column":15},"end":{"line":64,"column":null}},"36":{"start":{"line":66,"column":2},"end":{"line":69,"column":null}},"37":{"start":{"line":67,"column":4},"end":{"line":67,"column":null}},"38":{"start":{"line":68,"column":4},"end":{"line":68,"column":null}},"39":{"start":{"line":71,"column":2},"end":{"line":71,"column":null}},"40":{"start":{"line":72,"column":2},"end":{"line":72,"column":null}},"41":{"start":{"line":76,"column":15},"end":{"line":76,"column":null}},"42":{"start":{"line":78,"column":2},"end":{"line":81,"column":null}},"43":{"start":{"line":79,"column":4},"end":{"line":79,"column":null}},"44":{"start":{"line":80,"column":4},"end":{"line":80,"column":null}},"45":{"start":{"line":83,"column":24},"end":{"line":83,"column":null}},"46":{"start":{"line":84,"column":2},"end":{"line":84,"column":null}},"47":{"start":{"line":88,"column":14},"end":{"line":88,"column":null}},"48":{"start":{"line":90,"column":2},"end":{"line":93,"column":null}},"49":{"start":{"line":91,"column":4},"end":{"line":91,"column":null}},"50":{"start":{"line":92,"column":4},"end":{"line":92,"column":null}},"51":{"start":{"line":95,"column":16},"end":{"line":95,"column":null}},"52":{"start":{"line":97,"column":2},"end":{"line":100,"column":null}},"53":{"start":{"line":98,"column":4},"end":{"line":98,"column":null}},"54":{"start":{"line":99,"column":4},"end":{"line":99,"column":null}},"55":{"start":{"line":102,"column":2},"end":{"line":102,"column":null}},"56":{"start":{"line":103,"column":2},"end":{"line":109,"column":null}},"57":{"start":{"line":104,"column":4},"end":{"line":104,"column":null}},"58":{"start":{"line":105,"column":26},"end":{"line":107,"column":null}},"59":{"start":{"line":108,"column":4},"end":{"line":108,"column":null}}},"fnMap":{"0":{"name":"getFilePath","decl":{"start":{"line":7,"column":9},"end":{"line":7,"column":21}},"loc":{"start":{"line":7,"column":55},"end":{"line":9,"column":null}},"line":7},"1":{"name":"ensureUserDir","decl":{"start":{"line":11,"column":9},"end":{"line":11,"column":23}},"loc":{"start":{"line":11,"column":43},"end":{"line":16,"column":null}},"line":11},"2":{"name":"colorValue","decl":{"start":{"line":18,"column":9},"end":{"line":18,"column":20}},"loc":{"start":{"line":18,"column":43},"end":{"line":23,"column":null}},"line":18},"3":{"name":"printVideogame","decl":{"start":{"line":25,"column":9},"end":{"line":25,"column":24}},"loc":{"start":{"line":25,"column":45},"end":{"line":36,"column":null}},"line":25},"4":{"name":"addVideogame","decl":{"start":{"line":38,"column":16},"end":{"line":38,"column":29}},"loc":{"start":{"line":38,"column":64},"end":{"line":49,"column":null}},"line":38},"5":{"name":"removeVideogame","decl":{"start":{"line":51,"column":16},"end":{"line":51,"column":32}},"loc":{"start":{"line":51,"column":64},"end":{"line":61,"column":null}},"line":51},"6":{"name":"updateVideogame","decl":{"start":{"line":63,"column":16},"end":{"line":63,"column":32}},"loc":{"start":{"line":63,"column":67},"end":{"line":73,"column":null}},"line":63},"7":{"name":"readVideogame","decl":{"start":{"line":75,"column":16},"end":{"line":75,"column":30}},"loc":{"start":{"line":75,"column":62},"end":{"line":85,"column":null}},"line":75},"8":{"name":"listVideogames","decl":{"start":{"line":87,"column":16},"end":{"line":87,"column":31}},"loc":{"start":{"line":87,"column":51},"end":{"line":110,"column":null}},"line":87},"9":{"name":"(anonymous_9)","decl":{"start":{"line":103,"column":16},"end":{"line":103,"column":17}},"loc":{"start":{"line":103,"column":26},"end":{"line":109,"column":3}},"line":103}},"branchMap":{"0":{"loc":{"start":{"line":13,"column":2},"end":{"line":15,"column":null}},"type":"if","locations":[{"start":{"line":13,"column":2},"end":{"line":15,"column":null}},{"start":{},"end":{}}],"line":13},"1":{"loc":{"start":{"line":19,"column":2},"end":{"line":22,"column":null}},"type":"if","locations":[{"start":{"line":19,"column":2},"end":{"line":22,"column":null}},{"start":{"line":19,"column":51},"end":{"line":22,"column":null}}],"line":19},"2":{"loc":{"start":{"line":19,"column":51},"end":{"line":22,"column":null}},"type":"if","locations":[{"start":{"line":19,"column":51},"end":{"line":22,"column":null}},{"start":{"line":20,"column":57},"end":{"line":22,"column":null}}],"line":19},"3":{"loc":{"start":{"line":20,"column":57},"end":{"line":22,"column":null}},"type":"if","locations":[{"start":{"line":20,"column":57},"end":{"line":22,"column":null}},{"start":{"line":22,"column":7},"end":{"line":22,"column":null}}],"line":20},"4":{"loc":{"start":{"line":42,"column":2},"end":{"line":45,"column":null}},"type":"if","locations":[{"start":{"line":42,"column":2},"end":{"line":45,"column":null}},{"start":{},"end":{}}],"line":42},"5":{"loc":{"start":{"line":54,"column":2},"end":{"line":57,"column":null}},"type":"if","locations":[{"start":{"line":54,"column":2},"end":{"line":57,"column":null}},{"start":{},"end":{}}],"line":54},"6":{"loc":{"start":{"line":66,"column":2},"end":{"line":69,"column":null}},"type":"if","locations":[{"start":{"line":66,"column":2},"end":{"line":69,"column":null}},{"start":{},"end":{}}],"line":66},"7":{"loc":{"start":{"line":78,"column":2},"end":{"line":81,"column":null}},"type":"if","locations":[{"start":{"line":78,"column":2},"end":{"line":81,"column":null}},{"start":{},"end":{}}],"line":78},"8":{"loc":{"start":{"line":90,"column":2},"end":{"line":93,"column":null}},"type":"if","locations":[{"start":{"line":90,"column":2},"end":{"line":93,"column":null}},{"start":{},"end":{}}],"line":90},"9":{"loc":{"start":{"line":97,"column":2},"end":{"line":100,"column":null}},"type":"if","locations":[{"start":{"line":97,"column":2},"end":{"line":100,"column":null}},{"start":{},"end":{}}],"line":97}},"s":{"0":1,"1":19,"2":10,"3":10,"4":9,"5":5,"6":2,"7":3,"8":1,"9":2,"10":1,"11":1,"12":5,"13":5,"14":5,"15":5,"16":5,"17":5,"18":5,"19":5,"20":5,"21":5,"22":10,"23":10,"24":10,"25":1,"26":1,"27":9,"28":9,"29":2,"30":2,"31":1,"32":1,"33":1,"34":1,"35":2,"36":2,"37":1,"38":1,"39":1,"40":1,"41":5,"42":5,"43":1,"44":1,"45":4,"46":4,"47":3,"48":3,"49":1,"50":1,"51":2,"52":2,"53":1,"54":1,"55":1,"56":1,"57":1,"58":1,"59":1},"f":{"0":19,"1":10,"2":5,"3":5,"4":10,"5":2,"6":2,"7":5,"8":3,"9":1},"b":{"0":[9,1],"1":[2,3],"2":[1,2],"3":[1,1],"4":[1,9],"5":[1,1],"6":[1,1],"7":[1,4],"8":[1,2],"9":[1,1]},"meta":{"lastBranch":10,"lastFunction":10,"lastStatement":60,"seen":{"s:5:17:5:Infinity":0,"f:7:9:7:21":0,"s:8:2:8:Infinity":1,"f:11:9:11:23":1,"s:12:14:12:Infinity":2,"b:13:2:15:Infinity:undefined:undefined:undefined:undefined":0,"s:13:2:15:Infinity":3,"s:14:4:14:Infinity":4,"f:18:9:18:20":2,"b:19:2:22:Infinity:19:51:22:Infinity":1,"s:19:2:22:Infinity":5,"s:19:19:19:Infinity":6,"b:19:51:22:Infinity:20:57:22:Infinity":2,"s:19:51:22:Infinity":7,"s:20:24:20:Infinity":8,"b:20:57:22:Infinity:22:7:22:Infinity":3,"s:20:57:22:Infinity":9,"s:21:24:21:Infinity":10,"s:22:7:22:Infinity":11,"f:25:9:25:24":3,"s:26:2:26:Infinity":12,"s:27:2:27:Infinity":13,"s:28:2:28:Infinity":14,"s:29:2:29:Infinity":15,"s:30:2:30:Infinity":16,"s:31:2:31:Infinity":17,"s:32:2:32:Infinity":18,"s:33:2:33:Infinity":19,"s:34:2:34:Infinity":20,"s:35:2:35:Infinity":21,"f:38:16:38:29":4,"s:39:2:39:Infinity":22,"s:40:15:40:Infinity":23,"b:42:2:45:Infinity:undefined:undefined:undefined:undefined":4,"s:42:2:45:Infinity":24,"s:43:4:43:Infinity":25,"s:44:4:44:Infinity":26,"s:47:2:47:Infinity":27,"s:48:2:48:Infinity":28,"f:51:16:51:32":5,"s:52:15:52:Infinity":29,"b:54:2:57:Infinity:undefined:undefined:undefined:undefined":5,"s:54:2:57:Infinity":30,"s:55:4:55:Infinity":31,"s:56:4:56:Infinity":32,"s:59:2:59:Infinity":33,"s:60:2:60:Infinity":34,"f:63:16:63:32":6,"s:64:15:64:Infinity":35,"b:66:2:69:Infinity:undefined:undefined:undefined:undefined":6,"s:66:2:69:Infinity":36,"s:67:4:67:Infinity":37,"s:68:4:68:Infinity":38,"s:71:2:71:Infinity":39,"s:72:2:72:Infinity":40,"f:75:16:75:30":7,"s:76:15:76:Infinity":41,"b:78:2:81:Infinity:undefined:undefined:undefined:undefined":7,"s:78:2:81:Infinity":42,"s:79:4:79:Infinity":43,"s:80:4:80:Infinity":44,"s:83:24:83:Infinity":45,"s:84:2:84:Infinity":46,"f:87:16:87:31":8,"s:88:14:88:Infinity":47,"b:90:2:93:Infinity:undefined:undefined:undefined:undefined":8,"s:90:2:93:Infinity":48,"s:91:4:91:Infinity":49,"s:92:4:92:Infinity":50,"s:95:16:95:Infinity":51,"b:97:2:100:Infinity:undefined:undefined:undefined:undefined":9,"s:97:2:100:Infinity":52,"s:98:4:98:Infinity":53,"s:99:4:99:Infinity":54,"s:102:2:102:Infinity":55,"s:103:2:109:Infinity":56,"f:103:16:103:17":9,"s:104:4:104:Infinity":57,"s:105:26:107:Infinity":58,"s:108:4:108:Infinity":59}}}
}
