{"/home/usuario/DSI/prct08-filesystem-videogames-app-alu0101551371/src/index.ts": {"path":"/home/usuario/DSI/prct08-filesystem-videogames-app-alu0101551371/src/index.ts","statementMap":{"0":{"start":{"line":2,"column":2},"end":{"line":2,"column":null}}},"fnMap":{"0":{"name":"add","decl":{"start":{"line":1,"column":16},"end":{"line":1,"column":20}},"loc":{"start":{"line":1,"column":50},"end":{"line":3,"column":null}},"line":1}},"branchMap":{},"s":{"0":3},"f":{"0":3},"b":{},"meta":{"lastBranch":0,"lastFunction":1,"lastStatement":1,"seen":{"f:1:16:1:20":0,"s:2:2:2:Infinity":0}}}
}
